Using pre-set license
Built from '2021.1/staging' branch; Version is '2021.1.19f1 (5f5eb8bbdc25) revision 6250168'; Using compiler version '192528614'; Build Type 'Release'
OS: 'Windows 10 Home; OS build 19042.1348; Version 2009; 64bit' Language: 'en' Physical Memory: 16201 MB
BatchMode: 1, IsHumanControllingUs: 0, StartBugReporterOnCrash: 0, Is64bit: 1, IsPro: 0

COMMAND LINE ARGUMENTS:
C:\Program Files\Unity\Hub\Editor\2021.1.19f1\Editor\Unity.exe
-adb2
-batchMode
-noUpm
-name
AssetImportWorker0
-projectPath
C:/Users/alexw/Desktop/GBC/Sem_5/Mobile Development/GAME2014_A2
-logFile
Logs/AssetImportWorker0.log
-srvPort
53290
Successfully changed project path to: C:/Users/alexw/Desktop/GBC/Sem_5/Mobile Development/GAME2014_A2
C:/Users/alexw/Desktop/GBC/Sem_5/Mobile Development/GAME2014_A2
Using Asset Import Pipeline V2.
Refreshing native plugins compatible for Editor in 101.11 ms, found 4 plugins.
Preloading 0 native plugins for Editor in 0.00 ms.
Initialize engine version: 2021.1.19f1 (5f5eb8bbdc25)
[Subsystems] Discovering subsystems at path C:/Program Files/Unity/Hub/Editor/2021.1.19f1/Editor/Data/Resources/UnitySubsystems
[Subsystems] Discovering subsystems at path C:/Users/alexw/Desktop/GBC/Sem_5/Mobile Development/GAME2014_A2/Assets
GfxDevice: creating device client; threaded=0; jobified=0
Direct3D:
    Version:  Direct3D 11.0 [level 11.1]
    Renderer: NVIDIA GeForce RTX 2060 (ID=0x1f15)
    Vendor:   NVIDIA
    VRAM:     5980 MB
    Driver:   30.0.14.7111
Initialize mono
Mono path[0] = 'C:/Program Files/Unity/Hub/Editor/2021.1.19f1/Editor/Data/Managed'
Mono path[1] = 'C:/Program Files/Unity/Hub/Editor/2021.1.19f1/Editor/Data/MonoBleedingEdge/lib/mono/unityjit'
Mono config path = 'C:/Program Files/Unity/Hub/Editor/2021.1.19f1/Editor/Data/MonoBleedingEdge/etc'
Using monoOptions --debugger-agent=transport=dt_socket,embedding=1,server=y,suspend=n,address=127.0.0.1:56992
Begin MonoManager ReloadAssembly
Registering precompiled unity dll's ...
Register platform support module: C:/Program Files/Unity/Hub/Editor/2021.1.19f1/Editor/Data/PlaybackEngines/WindowsStandaloneSupport/UnityEditor.WindowsStandalone.Extensions.dll
Registered in 0.002240 seconds.
Native extension for WindowsStandalone target not found
Refreshing native plugins compatible for Editor in 103.31 ms, found 4 plugins.
Preloading 0 native plugins for Editor in 0.00 ms.
Mono: successfully reloaded assembly
- Completed reload, in  1.756 seconds
Domain Reload Profiling:
	ReloadAssembly (1756ms)
		BeginReloadAssembly (58ms)
			ExecutionOrderSort (0ms)
			DisableScriptedObjects (0ms)
			BackupInstance (0ms)
			ReleaseScriptingObjects (0ms)
			CreateAndSetChildDomain (1ms)
		EndReloadAssembly (435ms)
			LoadAssemblies (55ms)
			RebuildTransferFunctionScriptingTraits (0ms)
			SetupTypeCache (142ms)
			ReleaseScriptCaches (0ms)
			RebuildScriptCaches (26ms)
			SetupLoadedEditorAssemblies (223ms)
				LogAssemblyErrors (0ms)
				InitializePlatformSupportModulesInManaged (5ms)
				SetLoadedEditorAssemblies (0ms)
				RefreshPlugins (103ms)
				BeforeProcessingInitializeOnLoad (1ms)
				ProcessInitializeOnLoadAttributes (86ms)
				ProcessInitializeOnLoadMethodAttributes (27ms)
				AfterProcessingInitializeOnLoad (0ms)
				EditorAssembliesLoaded (0ms)
			ExecutionOrderSort2 (0ms)
			AwakeInstancesAfterBackupRestoration (0ms)
Platform modules already initialized, skipping
Registering precompiled user dll's ...
Registered in 0.005428 seconds.
Begin MonoManager ReloadAssembly
Symbol file LoadedFromMemory doesn't match image C:\Users\alexw\Desktop\GBC\Sem_5\Mobile Development\GAME2014_A2\Library\PackageCache\com.unity.visualscripting@1.6.1\Editor\VisualScripting.Core\Dependencies\YamlDotNet\Unity.VisualScripting.YamlDotNet.dll
Symbol file LoadedFromMemory doesn't match image C:\Users\alexw\Desktop\GBC\Sem_5\Mobile Development\GAME2014_A2\Library\PackageCache\com.unity.visualscripting@1.6.1\Editor\VisualScripting.Core\Dependencies\DotNetZip\Unity.VisualScripting.IonicZip.dll
Native extension for WindowsStandalone target not found
Refreshing native plugins compatible for Editor in 102.08 ms, found 4 plugins.
Preloading 0 native plugins for Editor in 0.00 ms.
Mono: successfully reloaded assembly
- Completed reload, in  1.172 seconds
Domain Reload Profiling:
	ReloadAssembly (1172ms)
		BeginReloadAssembly (141ms)
			ExecutionOrderSort (0ms)
			DisableScriptedObjects (4ms)
			BackupInstance (0ms)
			ReleaseScriptingObjects (0ms)
			CreateAndSetChildDomain (18ms)
		EndReloadAssembly (976ms)
			LoadAssemblies (92ms)
			RebuildTransferFunctionScriptingTraits (0ms)
			SetupTypeCache (320ms)
			ReleaseScriptCaches (1ms)
			RebuildScriptCaches (52ms)
			SetupLoadedEditorAssemblies (432ms)
				LogAssemblyErrors (0ms)
				InitializePlatformSupportModulesInManaged (3ms)
				SetLoadedEditorAssemblies (0ms)
				RefreshPlugins (102ms)
				BeforeProcessingInitializeOnLoad (87ms)
				ProcessInitializeOnLoadAttributes (219ms)
				ProcessInitializeOnLoadMethodAttributes (13ms)
				AfterProcessingInitializeOnLoad (6ms)
				EditorAssembliesLoaded (0ms)
			ExecutionOrderSort2 (0ms)
			AwakeInstancesAfterBackupRestoration (7ms)
Platform modules already initialized, skipping
========================================================================
Worker process is ready to serve import requests
Launched and connected shader compiler UnityShaderCompiler.exe after 0.06 seconds
Refreshing native plugins compatible for Editor in 0.70 ms, found 4 plugins.
Preloading 0 native plugins for Editor in 0.00 ms.
Unloading 3871 Unused Serialized files (Serialized files now loaded: 0)
System memory in use before: 144.8 MB.
System memory in use after: 145.0 MB.

Unloading 31 unused Assets to reduce memory usage. Loaded Objects now: 4321.
Total: 3.000000 ms (FindLiveObjects: 0.258500 ms CreateObjectMapping: 0.183800 ms MarkObjects: 2.511500 ms  DeleteObjects: 0.045400 ms)

AssetImportParameters requested are different than current active one (requested -> active):
  custom:framework-win-MediaFoundation: 216162199b28c13a410421893ffa2e32 -> 
  custom:video-decoder-ogg-theora: a1e56fd34408186e4bbccfd4996cb3dc -> 
  custom:container-muxer-webm: aa71ff27fc2769a1b78a27578f13a17b -> 
  custom:container-demuxer-webm: 4f35f7cbe854078d1ac9338744f61a02 -> 
  custom:container-demuxer-ogg: 62fdf1f143b41e24485cea50d1cbac27 -> 
  custom:video-encoder-webm-vp8: eb34c28f22e8b96e1ab97ce403110664 -> 
  custom:video-decoder-webm-vp8: 9c59270c3fd7afecdb556c50c9e8de78 -> 
  custom:audio-decoder-ogg-vorbis: bf7c407c2cedff20999df2af8eb42d56 -> 
  custom:audio-encoder-webm-vorbis: bf7c407c2cedff20999df2af8eb42d56 -> 
========================================================================
Received Import Request.
  path: Assets/Animations/Spinner.controller
  artifactKey: Guid(495999697b910b04aa99e3d79d2c9311) Importer(815301076,1909f56bfc062723c751e8b465ee728b)
Start importing Assets/Animations/Spinner.controller using Guid(495999697b910b04aa99e3d79d2c9311) Importer(815301076,1909f56bfc062723c751e8b465ee728b)  -> (artifact id: 'ebb22e6a7a8605d2ee5d043b1a7d0119') in 0.028701 seconds 
========================================================================
Received Import Request.
  Time since last request: 4.758924 seconds.
  path: Assets/Animations/Spinner_Roll.anim
  artifactKey: Guid(aa9b608dbc6f02d4d9e3035139f1f7d4) Importer(815301076,1909f56bfc062723c751e8b465ee728b)
Start importing Assets/Animations/Spinner_Roll.anim using Guid(aa9b608dbc6f02d4d9e3035139f1f7d4) Importer(815301076,1909f56bfc062723c751e8b465ee728b)  -> (artifact id: '594312feb488be6dc676414ff3e35bc4') in 0.010510 seconds 
========================================================================
Received Import Request.
  Time since last request: 1403.298780 seconds.
  path: Assets/Sprites/Characters/Spinner/Spin1.png
  artifactKey: Guid(a98c830fbdd62ba4182cf86e2b109abb) Importer(815301076,1909f56bfc062723c751e8b465ee728b)
Start importing Assets/Sprites/Characters/Spinner/Spin1.png using Guid(a98c830fbdd62ba4182cf86e2b109abb) Importer(815301076,1909f56bfc062723c751e8b465ee728b)  -> (artifact id: '81a9d384196527aff5c193f1a656448f') in 0.072801 seconds 
========================================================================
Received Import Request.
  Time since last request: 0.000330 seconds.
  path: Assets/Sprites/Characters/Spinner/Spin4.png
  artifactKey: Guid(a1308859deff665459d460dd29d9e1d0) Importer(815301076,1909f56bfc062723c751e8b465ee728b)
Start importing Assets/Sprites/Characters/Spinner/Spin4.png using Guid(a1308859deff665459d460dd29d9e1d0) Importer(815301076,1909f56bfc062723c751e8b465ee728b)  -> (artifact id: 'b884217f221d8350de3f5b2d31e103c5') in 0.016579 seconds 
========================================================================
Received Import Request.
  Time since last request: 0.000272 seconds.
  path: Assets/Sprites/Characters/Spinner/Spin5.png
  artifactKey: Guid(7fdc044323cea414fb06014db5856e7f) Importer(815301076,1909f56bfc062723c751e8b465ee728b)
Start importing Assets/Sprites/Characters/Spinner/Spin5.png using Guid(7fdc044323cea414fb06014db5856e7f) Importer(815301076,1909f56bfc062723c751e8b465ee728b)  -> (artifact id: '15d51955b4e3f6080c3fd7fbee5bc217') in 0.018595 seconds 
========================================================================
Received Import Request.
  Time since last request: 0.000257 seconds.
  path: Assets/Sprites/Characters/Spinner/Spin2.png
  artifactKey: Guid(19ea0d9608ec02a4aa847ab61d568bc1) Importer(815301076,1909f56bfc062723c751e8b465ee728b)
Start importing Assets/Sprites/Characters/Spinner/Spin2.png using Guid(19ea0d9608ec02a4aa847ab61d568bc1) Importer(815301076,1909f56bfc062723c751e8b465ee728b)  -> (artifact id: 'cb348a3eb8e98802f2ce192d6961c37f') in 0.017203 seconds 
========================================================================
Received Import Request.
  Time since last request: 0.000292 seconds.
  path: Assets/Sprites/Characters/Spinner/Spin7.png
  artifactKey: Guid(894dbe5c2901327429ac983e9160ab0d) Importer(815301076,1909f56bfc062723c751e8b465ee728b)
Start importing Assets/Sprites/Characters/Spinner/Spin7.png using Guid(894dbe5c2901327429ac983e9160ab0d) Importer(815301076,1909f56bfc062723c751e8b465ee728b)  -> (artifact id: 'ca3b3c21b4c08bdf1def6112835f8d77') in 0.017532 seconds 
========================================================================
Received Import Request.
  Time since last request: 0.000253 seconds.
  path: Assets/Sprites/Characters/Spinner/Spin6.png
  artifactKey: Guid(fa077f6535115e84e8a376661897166c) Importer(815301076,1909f56bfc062723c751e8b465ee728b)
Start importing Assets/Sprites/Characters/Spinner/Spin6.png using Guid(fa077f6535115e84e8a376661897166c) Importer(815301076,1909f56bfc062723c751e8b465ee728b)  -> (artifact id: 'f5869adc30df3211f2886aae2efa2bc1') in 0.017959 seconds 
========================================================================
Received Import Request.
  Time since last request: 0.000267 seconds.
  path: Assets/Sprites/Characters/Spinner/Spin3.png
  artifactKey: Guid(bc23f7709fd39bb48b663b11c01ace6d) Importer(815301076,1909f56bfc062723c751e8b465ee728b)
Start importing Assets/Sprites/Characters/Spinner/Spin3.png using Guid(bc23f7709fd39bb48b663b11c01ace6d) Importer(815301076,1909f56bfc062723c751e8b465ee728b)  -> (artifact id: '30347cadfddc8e535832cea4bb2e7145') in 0.014584 seconds 
========================================================================
Received Import Request.
  Time since last request: 103.194904 seconds.
  path: Assets/Animations/Spin.anim
  artifactKey: Guid(b3b0d708db2fef6469c6a7d49a4bd4e8) Importer(815301076,1909f56bfc062723c751e8b465ee728b)
Start importing Assets/Animations/Spin.anim using Guid(b3b0d708db2fef6469c6a7d49a4bd4e8) Importer(815301076,1909f56bfc062723c751e8b465ee728b)  -> (artifact id: '733f2375d536389f787bd9ec1a618869') in 0.010090 seconds 
========================================================================
Received Import Request.
  Time since last request: 20.145293 seconds.
  path: Assets/Sprites/Characters/Spinner
  artifactKey: Guid(0f8a79f691758e04eacc647d4f69054c) Importer(815301076,1909f56bfc062723c751e8b465ee728b)
Start importing Assets/Sprites/Characters/Spinner using Guid(0f8a79f691758e04eacc647d4f69054c) Importer(815301076,1909f56bfc062723c751e8b465ee728b)  -> (artifact id: 'ac59e2fc937f02f688d757795c7d02a1') in 0.003331 seconds 
========================================================================
Received Prepare
Registering precompiled user dll's ...
Registered in 0.005113 seconds.
Begin MonoManager ReloadAssembly
Symbol file LoadedFromMemory doesn't match image C:\Users\alexw\Desktop\GBC\Sem_5\Mobile Development\GAME2014_A2\Library\PackageCache\com.unity.visualscripting@1.6.1\Editor\VisualScripting.Core\Dependencies\YamlDotNet\Unity.VisualScripting.YamlDotNet.dll
Symbol file LoadedFromMemory doesn't match image C:\Users\alexw\Desktop\GBC\Sem_5\Mobile Development\GAME2014_A2\Library\PackageCache\com.unity.visualscripting@1.6.1\Editor\VisualScripting.Core\Dependencies\DotNetZip\Unity.VisualScripting.IonicZip.dll
Native extension for WindowsStandalone target not found
Refreshing native plugins compatible for Editor in 0.71 ms, found 4 plugins.
Preloading 0 native plugins for Editor in 0.00 ms.
Mono: successfully reloaded assembly
- Completed reload, in  1.061 seconds
Domain Reload Profiling:
	ReloadAssembly (1061ms)
		BeginReloadAssembly (125ms)
			ExecutionOrderSort (0ms)
			DisableScriptedObjects (5ms)
			BackupInstance (0ms)
			ReleaseScriptingObjects (0ms)
			CreateAndSetChildDomain (37ms)
		EndReloadAssembly (879ms)
			LoadAssemblies (109ms)
			RebuildTransferFunctionScriptingTraits (0ms)
			SetupTypeCache (335ms)
			ReleaseScriptCaches (1ms)
			RebuildScriptCaches (43ms)
			SetupLoadedEditorAssemblies (286ms)
				LogAssemblyErrors (0ms)
				InitializePlatformSupportModulesInManaged (4ms)
				SetLoadedEditorAssemblies (0ms)
				RefreshPlugins (1ms)
				BeforeProcessingInitializeOnLoad (65ms)
				ProcessInitializeOnLoadAttributes (201ms)
				ProcessInitializeOnLoadMethodAttributes (8ms)
				AfterProcessingInitializeOnLoad (6ms)
				EditorAssembliesLoaded (0ms)
			ExecutionOrderSort2 (0ms)
			AwakeInstancesAfterBackupRestoration (12ms)
Platform modules already initialized, skipping
Switching build target platform(19) subTarget(0) extendedPlatform(0) -> platform(13) subTarget(537395200) extendedPlatform(0)
Refreshing native plugins compatible for Editor in 0.72 ms, found 4 plugins.
Preloading 0 native plugins for Editor in 0.00 ms.
Unloading 3856 Unused Serialized files (Serialized files now loaded: 0)
System memory in use before: 150.0 MB.
System memory in use after: 150.3 MB.

Unloading 19 unused Assets to reduce memory usage. Loaded Objects now: 4443.
Total: 3.118800 ms (FindLiveObjects: 0.252000 ms CreateObjectMapping: 0.176500 ms MarkObjects: 2.676500 ms  DeleteObjects: 0.013200 ms)

AssetImportParameters requested are different than current active one (requested -> active):
  custom:framework-win-MediaFoundation: 216162199b28c13a410421893ffa2e32 -> 
  custom:video-decoder-ogg-theora: a1e56fd34408186e4bbccfd4996cb3dc -> 
  custom:container-muxer-webm: aa71ff27fc2769a1b78a27578f13a17b -> 
  custom:container-demuxer-webm: 4f35f7cbe854078d1ac9338744f61a02 -> 
  custom:container-demuxer-ogg: 62fdf1f143b41e24485cea50d1cbac27 -> 
  custom:video-encoder-webm-vp8: eb34c28f22e8b96e1ab97ce403110664 -> 
  custom:video-decoder-webm-vp8: 9c59270c3fd7afecdb556c50c9e8de78 -> 
  custom:graphics/normal-map-encoding: 01000000000000000000000000000000 -> 02000000000000000000000000000000
  custom:audio-decoder-ogg-vorbis: bf7c407c2cedff20999df2af8eb42d56 -> 
  custom:audio-encoder-webm-vorbis: bf7c407c2cedff20999df2af8eb42d56 -> 
========================================================================
Received Import Request.
  Time since last request: 12.319169 seconds.
  path: Assets/Sprites/Characters/Spinner/Spin1.png
  artifactKey: Guid(a98c830fbdd62ba4182cf86e2b109abb) Importer(815301076,1909f56bfc062723c751e8b465ee728b)
Start importing Assets/Sprites/Characters/Spinner/Spin1.png using Guid(a98c830fbdd62ba4182cf86e2b109abb) Importer(815301076,1909f56bfc062723c751e8b465ee728b)  -> (artifact id: '1a146d8c1b83c0536778af12612010e4') in 0.044224 seconds 
========================================================================
Received Import Request.
  Time since last request: 0.000171 seconds.
  path: Assets/Sprites/Characters/Spinner/Spin4.png
  artifactKey: Guid(a1308859deff665459d460dd29d9e1d0) Importer(815301076,1909f56bfc062723c751e8b465ee728b)
Start importing Assets/Sprites/Characters/Spinner/Spin4.png using Guid(a1308859deff665459d460dd29d9e1d0) Importer(815301076,1909f56bfc062723c751e8b465ee728b)  -> (artifact id: '573fa6c44142103834e7febf0c25fb5c') in 0.012246 seconds 
========================================================================
Received Import Request.
  Time since last request: 0.000231 seconds.
  path: Assets/Sprites/Characters/Spinner/Spin5.png
  artifactKey: Guid(7fdc044323cea414fb06014db5856e7f) Importer(815301076,1909f56bfc062723c751e8b465ee728b)
Start importing Assets/Sprites/Characters/Spinner/Spin5.png using Guid(7fdc044323cea414fb06014db5856e7f) Importer(815301076,1909f56bfc062723c751e8b465ee728b)  -> (artifact id: '1f784ec7b81f2468dc16bc58df955896') in 0.009729 seconds 
========================================================================
Received Import Request.
  Time since last request: 0.000188 seconds.
  path: Assets/Sprites/Characters/Spinner/Spin2.png
  artifactKey: Guid(19ea0d9608ec02a4aa847ab61d568bc1) Importer(815301076,1909f56bfc062723c751e8b465ee728b)
Start importing Assets/Sprites/Characters/Spinner/Spin2.png using Guid(19ea0d9608ec02a4aa847ab61d568bc1) Importer(815301076,1909f56bfc062723c751e8b465ee728b)  -> (artifact id: 'ddc04aa877c7a92a6b68b8371a9132b6') in 0.013214 seconds 
========================================================================
Received Import Request.
  Time since last request: 0.000175 seconds.
  path: Assets/Sprites/Characters/Spinner/Spin7.png
  artifactKey: Guid(894dbe5c2901327429ac983e9160ab0d) Importer(815301076,1909f56bfc062723c751e8b465ee728b)
Start importing Assets/Sprites/Characters/Spinner/Spin7.png using Guid(894dbe5c2901327429ac983e9160ab0d) Importer(815301076,1909f56bfc062723c751e8b465ee728b)  -> (artifact id: 'cae5197311924745167397885a09fe6c') in 0.011500 seconds 
========================================================================
Received Import Request.
  Time since last request: 0.000338 seconds.
  path: Assets/Sprites/Characters/Spinner/Spin6.png
  artifactKey: Guid(fa077f6535115e84e8a376661897166c) Importer(815301076,1909f56bfc062723c751e8b465ee728b)
Start importing Assets/Sprites/Characters/Spinner/Spin6.png using Guid(fa077f6535115e84e8a376661897166c) Importer(815301076,1909f56bfc062723c751e8b465ee728b)  -> (artifact id: 'bb1932872bc21f0cd04f18c9ea8ee3ab') in 0.013573 seconds 
========================================================================
Received Import Request.
  Time since last request: 0.000183 seconds.
  path: Assets/Sprites/Characters/Spinner/Spin3.png
  artifactKey: Guid(bc23f7709fd39bb48b663b11c01ace6d) Importer(815301076,1909f56bfc062723c751e8b465ee728b)
Start importing Assets/Sprites/Characters/Spinner/Spin3.png using Guid(bc23f7709fd39bb48b663b11c01ace6d) Importer(815301076,1909f56bfc062723c751e8b465ee728b)  -> (artifact id: '5a5e5b3f24b086400f66ce3458655a57') in 0.011300 seconds 
========================================================================
Received Prepare
Registering precompiled user dll's ...
Registered in 0.005563 seconds.
Begin MonoManager ReloadAssembly
Symbol file LoadedFromMemory doesn't match image C:\Users\alexw\Desktop\GBC\Sem_5\Mobile Development\GAME2014_A2\Library\PackageCache\com.unity.visualscripting@1.6.1\Editor\VisualScripting.Core\Dependencies\YamlDotNet\Unity.VisualScripting.YamlDotNet.dll
Symbol file LoadedFromMemory doesn't match image C:\Users\alexw\Desktop\GBC\Sem_5\Mobile Development\GAME2014_A2\Library\PackageCache\com.unity.visualscripting@1.6.1\Editor\VisualScripting.Core\Dependencies\DotNetZip\Unity.VisualScripting.IonicZip.dll
Native extension for WindowsStandalone target not found
Refreshing native plugins compatible for Editor in 1.03 ms, found 4 plugins.
Preloading 0 native plugins for Editor in 0.00 ms.
Mono: successfully reloaded assembly
- Completed reload, in  1.096 seconds
Domain Reload Profiling:
	ReloadAssembly (1096ms)
		BeginReloadAssembly (137ms)
			ExecutionOrderSort (0ms)
			DisableScriptedObjects (7ms)
			BackupInstance (0ms)
			ReleaseScriptingObjects (0ms)
			CreateAndSetChildDomain (42ms)
		EndReloadAssembly (903ms)
			LoadAssemblies (95ms)
			RebuildTransferFunctionScriptingTraits (0ms)
			SetupTypeCache (346ms)
			ReleaseScriptCaches (1ms)
			RebuildScriptCaches (42ms)
			SetupLoadedEditorAssemblies (304ms)
				LogAssemblyErrors (0ms)
				InitializePlatformSupportModulesInManaged (5ms)
				SetLoadedEditorAssemblies (0ms)
				RefreshPlugins (1ms)
				BeforeProcessingInitializeOnLoad (73ms)
				ProcessInitializeOnLoadAttributes (208ms)
				ProcessInitializeOnLoadMethodAttributes (9ms)
				AfterProcessingInitializeOnLoad (7ms)
				EditorAssembliesLoaded (0ms)
			ExecutionOrderSort2 (0ms)
			AwakeInstancesAfterBackupRestoration (15ms)
Platform modules already initialized, skipping
Switching build target platform(19) subTarget(0) extendedPlatform(0) -> platform(13) subTarget(537395200) extendedPlatform(0)
Refreshing native plugins compatible for Editor in 0.78 ms, found 4 plugins.
Preloading 0 native plugins for Editor in 0.00 ms.
Unloading 3849 Unused Serialized files (Serialized files now loaded: 0)
System memory in use before: 152.6 MB.
System memory in use after: 152.8 MB.

Unloading 19 unused Assets to reduce memory usage. Loaded Objects now: 4545.
Total: 2.968300 ms (FindLiveObjects: 0.307700 ms CreateObjectMapping: 0.178300 ms MarkObjects: 2.466700 ms  DeleteObjects: 0.014900 ms)

AssetImportParameters requested are different than current active one (requested -> active):
  custom:framework-win-MediaFoundation: 216162199b28c13a410421893ffa2e32 -> 
  custom:video-decoder-ogg-theora: a1e56fd34408186e4bbccfd4996cb3dc -> 
  custom:container-muxer-webm: aa71ff27fc2769a1b78a27578f13a17b -> 
  custom:container-demuxer-webm: 4f35f7cbe854078d1ac9338744f61a02 -> 
  custom:container-demuxer-ogg: 62fdf1f143b41e24485cea50d1cbac27 -> 
  custom:video-encoder-webm-vp8: eb34c28f22e8b96e1ab97ce403110664 -> 
  custom:video-decoder-webm-vp8: 9c59270c3fd7afecdb556c50c9e8de78 -> 
  custom:graphics/normal-map-encoding: 01000000000000000000000000000000 -> 02000000000000000000000000000000
  custom:audio-decoder-ogg-vorbis: bf7c407c2cedff20999df2af8eb42d56 -> 
  custom:audio-encoder-webm-vorbis: bf7c407c2cedff20999df2af8eb42d56 -> 
========================================================================
Received Import Request.
  Time since last request: 965.705490 seconds.
  path: Assets/Prefabs/Bat.prefab
  artifactKey: Guid(15a05f2c254100e4da6492557e26dd5d) Importer(815301076,1909f56bfc062723c751e8b465ee728b)
Start importing Assets/Prefabs/Bat.prefab using Guid(15a05f2c254100e4da6492557e26dd5d) Importer(815301076,1909f56bfc062723c751e8b465ee728b)  -> (artifact id: 'cec8841c3e29612577b40755863461d1') in 0.059017 seconds 
========================================================================
Received Import Request.
  Time since last request: 3.600417 seconds.
  path: Assets/Prefabs/Spinner.prefab
  artifactKey: Guid(b3df3a6980ba20f428610db18ced038c) Importer(815301076,1909f56bfc062723c751e8b465ee728b)
Start importing Assets/Prefabs/Spinner.prefab using Guid(b3df3a6980ba20f428610db18ced038c) Importer(815301076,1909f56bfc062723c751e8b465ee728b) The Animator Controller (Spinner) you have used is not valid. Animations will not play
UnityEngine.StackTraceUtility:ExtractStackTrace ()
UnityEditor.EditorUtility:Internal_InstantiateRemoveAllNonAnimationComponentsSingle (UnityEngine.Object,UnityEngine.Vector3,UnityEngine.Quaternion)
UnityEditor.EditorUtility:InstantiateRemoveAllNonAnimationComponents (UnityEngine.Object,UnityEngine.Vector3,UnityEngine.Quaternion)
UnityEditor.EditorUtility:InstantiateForAnimatorPreview (UnityEngine.Object)
UnityEditor.GameObjectInspector/PreviewData:UpdateGameObject (UnityEngine.Object)
UnityEditor.GameObjectInspector/PreviewData:.ctor (UnityEngine.Object)
UnityEditor.GameObjectInspector:GetPreviewData ()
UnityEditor.GameObjectInspector:RenderStaticPreview (string,UnityEngine.Object[],int,int)
UnityEditor.AssetPreviewUpdater:CreatePreview (UnityEngine.Object,UnityEngine.Object[],string,int,int)
UnityEditor.AssetPreviewUpdater:CreatePreviewForAsset (UnityEngine.Object,UnityEngine.Object[],string)

[C:\buildslave\unity\build\Modules/Animation/Director/AnimatorControllerPlayable.cpp line 333]

The Animator Controller (Spinner) you have used is not valid. Animations will not play
UnityEngine.StackTraceUtility:ExtractStackTrace ()
UnityEditor.EditorUtility:InitInstantiatedPreviewRecursive (UnityEngine.GameObject)
UnityEditor.EditorUtility:InstantiateForAnimatorPreview (UnityEngine.Object)
UnityEditor.GameObjectInspector/PreviewData:UpdateGameObject (UnityEngine.Object)
UnityEditor.GameObjectInspector/PreviewData:.ctor (UnityEngine.Object)
UnityEditor.GameObjectInspector:GetPreviewData ()
UnityEditor.GameObjectInspector:RenderStaticPreview (string,UnityEngine.Object[],int,int)
UnityEditor.AssetPreviewUpdater:CreatePreview (UnityEngine.Object,UnityEngine.Object[],string,int,int)
UnityEditor.AssetPreviewUpdater:CreatePreviewForAsset (UnityEngine.Object,UnityEngine.Object[],string)

[C:\buildslave\unity\build\Modules/Animation/Director/AnimatorControllerPlayable.cpp line 333]

 -> (artifact id: 'c3a98719f65d3ab2a65ab029a00d333f') in 0.015370 seconds 
========================================================================
Received Import Request.
  Time since last request: 4.854179 seconds.
  path: Assets/Prefabs/Bat2.prefab
  artifactKey: Guid(d0ea3dc6f6a1f7844b9193296dc37889) Importer(815301076,1909f56bfc062723c751e8b465ee728b)
Start importing Assets/Prefabs/Bat2.prefab using Guid(d0ea3dc6f6a1f7844b9193296dc37889) Importer(815301076,1909f56bfc062723c751e8b465ee728b)  -> (artifact id: '2eda50f3a38e89d938c0e7f269acc2b9') in 0.020748 seconds 
========================================================================
Received Import Request.
  Time since last request: 114.883601 seconds.
  path: Assets/TileMaps/dirtCaveBL.png
  artifactKey: Guid(e50d6db95958f21448c417b24316a4d9) Importer(815301076,1909f56bfc062723c751e8b465ee728b)
Start importing Assets/TileMaps/dirtCaveBL.png using Guid(e50d6db95958f21448c417b24316a4d9) Importer(815301076,1909f56bfc062723c751e8b465ee728b)  -> (artifact id: '114b15621030d2c4997a8a6a0c36ce9b') in 0.031590 seconds 
========================================================================
Received Import Request.
  Time since last request: 0.000175 seconds.
  path: Assets/TileMaps/dirtCaveSpikeBottom.png
  artifactKey: Guid(67a07a13436a87845894fa1668321bc5) Importer(815301076,1909f56bfc062723c751e8b465ee728b)
Start importing Assets/TileMaps/dirtCaveSpikeBottom.png using Guid(67a07a13436a87845894fa1668321bc5) Importer(815301076,1909f56bfc062723c751e8b465ee728b)  -> (artifact id: 'c16fb56dddaeca7e5beb748404d1d87c') in 0.018113 seconds 
========================================================================
Received Import Request.
  Time since last request: 0.000248 seconds.
  path: Assets/TileMaps/dirtCaveBottom.png
  artifactKey: Guid(51b922181c5b5e24d9551e224d22daed) Importer(815301076,1909f56bfc062723c751e8b465ee728b)
Start importing Assets/TileMaps/dirtCaveBottom.png using Guid(51b922181c5b5e24d9551e224d22daed) Importer(815301076,1909f56bfc062723c751e8b465ee728b)  -> (artifact id: '4597162e777b70460cc3f086eb1991ff') in 0.014776 seconds 
========================================================================
Received Import Request.
  Time since last request: 0.000248 seconds.
  path: Assets/TileMaps/dirtCaveUR.png
  artifactKey: Guid(14c98e9b1fba3344f8b57f162ad95e50) Importer(815301076,1909f56bfc062723c751e8b465ee728b)
Start importing Assets/TileMaps/dirtCaveUR.png using Guid(14c98e9b1fba3344f8b57f162ad95e50) Importer(815301076,1909f56bfc062723c751e8b465ee728b)  -> (artifact id: '989332b59964b089e220b303f17c62dd') in 0.018902 seconds 
========================================================================
Received Import Request.
  Time since last request: 0.000206 seconds.
  path: Assets/TileMaps/dirtCaveUL.png
  artifactKey: Guid(138dbda1c103ece459648db9d45945b9) Importer(815301076,1909f56bfc062723c751e8b465ee728b)
Start importing Assets/TileMaps/dirtCaveUL.png using Guid(138dbda1c103ece459648db9d45945b9) Importer(815301076,1909f56bfc062723c751e8b465ee728b)  -> (artifact id: '5a8ca9dc51beabc3df975792a55d2e51') in 0.018456 seconds 
========================================================================
Received Import Request.
  Time since last request: 0.000216 seconds.
  path: Assets/TileMaps/dirtCaveBR.png
  artifactKey: Guid(f1f060a9006b8f54ba69df43cdb0a29c) Importer(815301076,1909f56bfc062723c751e8b465ee728b)
Start importing Assets/TileMaps/dirtCaveBR.png using Guid(f1f060a9006b8f54ba69df43cdb0a29c) Importer(815301076,1909f56bfc062723c751e8b465ee728b)  -> (artifact id: '9ae67c28f1d0fc7b4c2862f3f3ac1528') in 0.015270 seconds 
========================================================================
Received Import Request.
  Time since last request: 0.000259 seconds.
  path: Assets/TileMaps/dirtCaveTop.png
  artifactKey: Guid(1778548eab6d4cd4696c906999583364) Importer(815301076,1909f56bfc062723c751e8b465ee728b)
Start importing Assets/TileMaps/dirtCaveTop.png using Guid(1778548eab6d4cd4696c906999583364) Importer(815301076,1909f56bfc062723c751e8b465ee728b)  -> (artifact id: 'fcfe994718b47e5cd9acb00aef7ac51a') in 0.018537 seconds 
========================================================================
Received Import Request.
  Time since last request: 0.000414 seconds.
  path: Assets/TileMaps/dirtCaveSpikeTop.png
  artifactKey: Guid(8d7ca54ff80e2144db7b630c84ef1a85) Importer(815301076,1909f56bfc062723c751e8b465ee728b)
Start importing Assets/TileMaps/dirtCaveSpikeTop.png using Guid(8d7ca54ff80e2144db7b630c84ef1a85) Importer(815301076,1909f56bfc062723c751e8b465ee728b)  -> (artifact id: '8029731ddaa4d3be5c12341d8f72ceeb') in 0.014457 seconds 
========================================================================
Received Import Request.
  Time since last request: 202.507089 seconds.
  path: Assets/TileMaps/dirtCaveUR.asset
  artifactKey: Guid(7b650004a9dd5704aa6fb8a0d3b0fac5) Importer(815301076,1909f56bfc062723c751e8b465ee728b)
Start importing Assets/TileMaps/dirtCaveUR.asset using Guid(7b650004a9dd5704aa6fb8a0d3b0fac5) Importer(815301076,1909f56bfc062723c751e8b465ee728b)  -> (artifact id: '72fa4d9c4492cb27837c45cb77dd0e18') in 0.022625 seconds 
========================================================================
Received Import Request.
  Time since last request: 0.000244 seconds.
  path: Assets/TileMaps/PlatformerIce.prefab
  artifactKey: Guid(3ac31a6c973d326449a53bf2b9f9841d) Importer(815301076,1909f56bfc062723c751e8b465ee728b)
Start importing Assets/TileMaps/PlatformerIce.prefab using Guid(3ac31a6c973d326449a53bf2b9f9841d) Importer(815301076,1909f56bfc062723c751e8b465ee728b)  -> (artifact id: 'ccaa2347a982b2d281170c2c043d6ca6') in 0.054555 seconds 
========================================================================
Received Import Request.
  Time since last request: 13.715834 seconds.
  path: Assets/TileMaps/dirtCaveUR.png
  artifactKey: Guid(14c98e9b1fba3344f8b57f162ad95e50) Importer(815301076,1909f56bfc062723c751e8b465ee728b)
Start importing Assets/TileMaps/dirtCaveUR.png using Guid(14c98e9b1fba3344f8b57f162ad95e50) Importer(815301076,1909f56bfc062723c751e8b465ee728b)  -> (artifact id: '930eadbb8792830a352d2dc24fa2bb4e') in 0.019545 seconds 
========================================================================
Received Import Request.
  Time since last request: 4.283525 seconds.
  path: Assets/TileMaps/dirtCaveUR.png
  artifactKey: Guid(14c98e9b1fba3344f8b57f162ad95e50) Importer(815301076,1909f56bfc062723c751e8b465ee728b)
Start importing Assets/TileMaps/dirtCaveUR.png using Guid(14c98e9b1fba3344f8b57f162ad95e50) Importer(815301076,1909f56bfc062723c751e8b465ee728b)  -> (artifact id: '9efa7f6551208c9a6f8b697354ba339d') in 0.008332 seconds 
========================================================================
Received Import Request.
  Time since last request: 3.955945 seconds.
  path: Assets/TileMaps/dirtCaveUR.png
  artifactKey: Guid(14c98e9b1fba3344f8b57f162ad95e50) Importer(815301076,1909f56bfc062723c751e8b465ee728b)
Start importing Assets/TileMaps/dirtCaveUR.png using Guid(14c98e9b1fba3344f8b57f162ad95e50) Importer(815301076,1909f56bfc062723c751e8b465ee728b)  -> (artifact id: '1919c337c784881c79bcac1728dfd37b') in 0.008810 seconds 
========================================================================
Received Import Request.
  Time since last request: 17.578019 seconds.
  path: Assets/TileMaps/PlatformerIce.prefab
  artifactKey: Guid(3ac31a6c973d326449a53bf2b9f9841d) Importer(815301076,1909f56bfc062723c751e8b465ee728b)
Start importing Assets/TileMaps/PlatformerIce.prefab using Guid(3ac31a6c973d326449a53bf2b9f9841d) Importer(815301076,1909f56bfc062723c751e8b465ee728b)  -> (artifact id: '57798751327bcc354a9223e01508551c') in 0.040738 seconds 
========================================================================
Received Import Request.
  Time since last request: 4.380045 seconds.
  path: Assets/TileMaps/PlatformerIce.prefab
  artifactKey: Guid(3ac31a6c973d326449a53bf2b9f9841d) Importer(815301076,1909f56bfc062723c751e8b465ee728b)
Start importing Assets/TileMaps/PlatformerIce.prefab using Guid(3ac31a6c973d326449a53bf2b9f9841d) Importer(815301076,1909f56bfc062723c751e8b465ee728b)  -> (artifact id: '32d773d135ea48582604666106dd001e') in 0.038737 seconds 
========================================================================
Received Import Request.
  Time since last request: 5.603010 seconds.
  path: Assets/TileMaps/dirtCaveUL.asset
  artifactKey: Guid(ca036296b9b8644428391e279332c0ae) Importer(815301076,1909f56bfc062723c751e8b465ee728b)
Start importing Assets/TileMaps/dirtCaveUL.asset using Guid(ca036296b9b8644428391e279332c0ae) Importer(815301076,1909f56bfc062723c751e8b465ee728b)  -> (artifact id: '04f93cc62fabd306c30922f239850ff4') in 0.012675 seconds 
========================================================================
Received Import Request.
  Time since last request: 0.000208 seconds.
  path: Assets/TileMaps/PlatformerIce.prefab
  artifactKey: Guid(3ac31a6c973d326449a53bf2b9f9841d) Importer(815301076,1909f56bfc062723c751e8b465ee728b)
Start importing Assets/TileMaps/PlatformerIce.prefab using Guid(3ac31a6c973d326449a53bf2b9f9841d) Importer(815301076,1909f56bfc062723c751e8b465ee728b)  -> (artifact id: '80c68131e21665a5eddb7b836f12ca51') in 0.040673 seconds 
========================================================================
Received Import Request.
  Time since last request: 4.432956 seconds.
  path: Assets/TileMaps/dirtCaveTop.asset
  artifactKey: Guid(d8c76aa2190bd094da5fea932f4302a6) Importer(815301076,1909f56bfc062723c751e8b465ee728b)
Start importing Assets/TileMaps/dirtCaveTop.asset using Guid(d8c76aa2190bd094da5fea932f4302a6) Importer(815301076,1909f56bfc062723c751e8b465ee728b)  -> (artifact id: '827e0ee9f83d6b6ebb7036bd6114ef02') in 0.014776 seconds 
========================================================================
Received Import Request.
  Time since last request: 0.000207 seconds.
  path: Assets/TileMaps/PlatformerIce.prefab
  artifactKey: Guid(3ac31a6c973d326449a53bf2b9f9841d) Importer(815301076,1909f56bfc062723c751e8b465ee728b)
Start importing Assets/TileMaps/PlatformerIce.prefab using Guid(3ac31a6c973d326449a53bf2b9f9841d) Importer(815301076,1909f56bfc062723c751e8b465ee728b)  -> (artifact id: 'f7ab4319905ba8d3d8e924bd3df2be8a') in 0.058031 seconds 
========================================================================
Received Import Request.
  Time since last request: 3.842888 seconds.
  path: Assets/TileMaps/dirtCaveSpikeTop.asset
  artifactKey: Guid(a7b818dac02cc684780d72271f30df93) Importer(815301076,1909f56bfc062723c751e8b465ee728b)
Start importing Assets/TileMaps/dirtCaveSpikeTop.asset using Guid(a7b818dac02cc684780d72271f30df93) Importer(815301076,1909f56bfc062723c751e8b465ee728b)  -> (artifact id: 'ba2b3a0a5ad55c52d1557319add4f632') in 0.010235 seconds 
========================================================================
Received Import Request.
  Time since last request: 0.000328 seconds.
  path: Assets/TileMaps/PlatformerIce.prefab
  artifactKey: Guid(3ac31a6c973d326449a53bf2b9f9841d) Importer(815301076,1909f56bfc062723c751e8b465ee728b)
Start importing Assets/TileMaps/PlatformerIce.prefab using Guid(3ac31a6c973d326449a53bf2b9f9841d) Importer(815301076,1909f56bfc062723c751e8b465ee728b)  -> (artifact id: 'f7c739cb8c5f8441b5a3054a55bf5a68') in 0.061784 seconds 
========================================================================
Received Import Request.
  Time since last request: 3.777652 seconds.
  path: Assets/TileMaps/dirtCaveSpikeBottom.asset
  artifactKey: Guid(269cbb3120bb3e24e954e8ef2217d2e4) Importer(815301076,1909f56bfc062723c751e8b465ee728b)
Start importing Assets/TileMaps/dirtCaveSpikeBottom.asset using Guid(269cbb3120bb3e24e954e8ef2217d2e4) Importer(815301076,1909f56bfc062723c751e8b465ee728b)  -> (artifact id: '553d1760001fb9cd961d6f682702b1b9') in 0.009018 seconds 
========================================================================
Received Import Request.
  Time since last request: 0.000235 seconds.
  path: Assets/TileMaps/PlatformerIce.prefab
  artifactKey: Guid(3ac31a6c973d326449a53bf2b9f9841d) Importer(815301076,1909f56bfc062723c751e8b465ee728b)
Start importing Assets/TileMaps/PlatformerIce.prefab using Guid(3ac31a6c973d326449a53bf2b9f9841d) Importer(815301076,1909f56bfc062723c751e8b465ee728b)  -> (artifact id: '5bc94587dba0f80a65617492b5f1aaf1') in 0.069108 seconds 
========================================================================
Received Import Request.
  Time since last request: 6.335356 seconds.
  path: Assets/TileMaps/dirtCaveSpikeBottom.png
  artifactKey: Guid(67a07a13436a87845894fa1668321bc5) Importer(815301076,1909f56bfc062723c751e8b465ee728b)
Start importing Assets/TileMaps/dirtCaveSpikeBottom.png using Guid(67a07a13436a87845894fa1668321bc5) Importer(815301076,1909f56bfc062723c751e8b465ee728b)  -> (artifact id: 'd1c3885621107f9de53b2a1a93b1194c') in 0.008587 seconds 
========================================================================
Received Import Request.
  Time since last request: 7.194787 seconds.
  path: Assets/TileMaps/dirtCaveSpikeTop.png
  artifactKey: Guid(8d7ca54ff80e2144db7b630c84ef1a85) Importer(815301076,1909f56bfc062723c751e8b465ee728b)
Start importing Assets/TileMaps/dirtCaveSpikeTop.png using Guid(8d7ca54ff80e2144db7b630c84ef1a85) Importer(815301076,1909f56bfc062723c751e8b465ee728b)  -> (artifact id: 'a56e7d974cb1a39d5033b0e8051bc46c') in 0.008270 seconds 
========================================================================
Received Import Request.
  Time since last request: 5.391668 seconds.
  path: Assets/TileMaps/dirtCaveTop.png
  artifactKey: Guid(1778548eab6d4cd4696c906999583364) Importer(815301076,1909f56bfc062723c751e8b465ee728b)
Start importing Assets/TileMaps/dirtCaveTop.png using Guid(1778548eab6d4cd4696c906999583364) Importer(815301076,1909f56bfc062723c751e8b465ee728b)  -> (artifact id: '7b3160709e5b911eef27ea6955eecd95') in 0.008846 seconds 
========================================================================
Received Import Request.
  Time since last request: 6.218047 seconds.
  path: Assets/TileMaps/dirtCaveUL.png
  artifactKey: Guid(138dbda1c103ece459648db9d45945b9) Importer(815301076,1909f56bfc062723c751e8b465ee728b)
Start importing Assets/TileMaps/dirtCaveUL.png using Guid(138dbda1c103ece459648db9d45945b9) Importer(815301076,1909f56bfc062723c751e8b465ee728b)  -> (artifact id: 'cc905037b69c184d34efc47983686595') in 0.008935 seconds 
========================================================================
Received Import Request.
  Time since last request: 6.950184 seconds.
  path: Assets/TileMaps/dirtCaveBL.asset
  artifactKey: Guid(3cbb32545b0371f438e5f6bebf9047ed) Importer(815301076,1909f56bfc062723c751e8b465ee728b)
Start importing Assets/TileMaps/dirtCaveBL.asset using Guid(3cbb32545b0371f438e5f6bebf9047ed) Importer(815301076,1909f56bfc062723c751e8b465ee728b)  -> (artifact id: '7ca7791e003f5d8d0f96fb6d535943ab') in 0.009072 seconds 
========================================================================
Received Import Request.
  Time since last request: 0.000218 seconds.
  path: Assets/TileMaps/PlatformerIce.prefab
  artifactKey: Guid(3ac31a6c973d326449a53bf2b9f9841d) Importer(815301076,1909f56bfc062723c751e8b465ee728b)
Start importing Assets/TileMaps/PlatformerIce.prefab using Guid(3ac31a6c973d326449a53bf2b9f9841d) Importer(815301076,1909f56bfc062723c751e8b465ee728b)  -> (artifact id: '73efd49e5a3d93b2aff8c90226060d3e') in 0.040799 seconds 
========================================================================
Received Import Request.
  Time since last request: 6.615831 seconds.
  path: Assets/TileMaps/dirtCaveBL.png
  artifactKey: Guid(e50d6db95958f21448c417b24316a4d9) Importer(815301076,1909f56bfc062723c751e8b465ee728b)
Start importing Assets/TileMaps/dirtCaveBL.png using Guid(e50d6db95958f21448c417b24316a4d9) Importer(815301076,1909f56bfc062723c751e8b465ee728b)  -> (artifact id: 'f81abf8a207934fa791787ec707807ec') in 0.008411 seconds 
========================================================================
Received Import Request.
  Time since last request: 5.802759 seconds.
  path: Assets/TileMaps/dirtCaveBR.asset
  artifactKey: Guid(033ecc233d2751e439b9e9418f3b8738) Importer(815301076,1909f56bfc062723c751e8b465ee728b)
Start importing Assets/TileMaps/dirtCaveBR.asset using Guid(033ecc233d2751e439b9e9418f3b8738) Importer(815301076,1909f56bfc062723c751e8b465ee728b)  -> (artifact id: '1c1770f3d7f520ddd920e67acbeb85e9') in 0.008875 seconds 
========================================================================
Received Import Request.
  Time since last request: 0.000185 seconds.
  path: Assets/TileMaps/PlatformerIce.prefab
  artifactKey: Guid(3ac31a6c973d326449a53bf2b9f9841d) Importer(815301076,1909f56bfc062723c751e8b465ee728b)
Start importing Assets/TileMaps/PlatformerIce.prefab using Guid(3ac31a6c973d326449a53bf2b9f9841d) Importer(815301076,1909f56bfc062723c751e8b465ee728b)  -> (artifact id: '7707ec1c8c8783c27693ca25f04e10ea') in 0.051361 seconds 
========================================================================
Received Import Request.
  Time since last request: 7.046949 seconds.
  path: Assets/TileMaps/dirtCaveBR.png
  artifactKey: Guid(f1f060a9006b8f54ba69df43cdb0a29c) Importer(815301076,1909f56bfc062723c751e8b465ee728b)
Start importing Assets/TileMaps/dirtCaveBR.png using Guid(f1f060a9006b8f54ba69df43cdb0a29c) Importer(815301076,1909f56bfc062723c751e8b465ee728b)  -> (artifact id: '4699c3c4431b09461c2e441db0398ce9') in 0.010438 seconds 
========================================================================
Received Import Request.
  Time since last request: 10.919284 seconds.
  path: Assets/TileMaps/dirtCaveBL 1.png
  artifactKey: Guid(371452a4dfc2f7348af5841a43023cca) Importer(815301076,1909f56bfc062723c751e8b465ee728b)
Start importing Assets/TileMaps/dirtCaveBL 1.png using Guid(371452a4dfc2f7348af5841a43023cca) Importer(815301076,1909f56bfc062723c751e8b465ee728b)  -> (artifact id: 'd4cecbfaca940b82f1201a45004b1568') in 0.011968 seconds 
========================================================================
Received Import Request.
  Time since last request: 0.000159 seconds.
  path: Assets/TileMaps/dirtCaveSpikeBottom 1.png
  artifactKey: Guid(f94360b9a8d91774aabd2da4f67ee181) Importer(815301076,1909f56bfc062723c751e8b465ee728b)
Start importing Assets/TileMaps/dirtCaveSpikeBottom 1.png using Guid(f94360b9a8d91774aabd2da4f67ee181) Importer(815301076,1909f56bfc062723c751e8b465ee728b)  -> (artifact id: 'c7ef9c059214d32d8730d5a5aa8f3b92') in 0.011234 seconds 
========================================================================
Received Import Request.
  Time since last request: 0.000233 seconds.
  path: Assets/TileMaps/dirtCaveSpikeTop 1.png
  artifactKey: Guid(74e084c9c8a904f40bbaea9dace403c1) Importer(815301076,1909f56bfc062723c751e8b465ee728b)
Start importing Assets/TileMaps/dirtCaveSpikeTop 1.png using Guid(74e084c9c8a904f40bbaea9dace403c1) Importer(815301076,1909f56bfc062723c751e8b465ee728b)  -> (artifact id: '04e411e7e11dca9a8b2b353293ef12ed') in 0.013483 seconds 
========================================================================
Received Import Request.
  Time since last request: 0.000251 seconds.
  path: Assets/TileMaps/dirtCaveBottom 1.png
  artifactKey: Guid(155613c5ba870344ebcc495cf34e3843) Importer(815301076,1909f56bfc062723c751e8b465ee728b)
Start importing Assets/TileMaps/dirtCaveBottom 1.png using Guid(155613c5ba870344ebcc495cf34e3843) Importer(815301076,1909f56bfc062723c751e8b465ee728b)  -> (artifact id: '951a544d55a0083eaa2032cd090fe338') in 0.013635 seconds 
========================================================================
Received Import Request.
  Time since last request: 0.000184 seconds.
  path: Assets/TileMaps/dirtCaveTop 1.png
  artifactKey: Guid(5d59caa49535a7f409acf106e5f4edf2) Importer(815301076,1909f56bfc062723c751e8b465ee728b)
Start importing Assets/TileMaps/dirtCaveTop 1.png using Guid(5d59caa49535a7f409acf106e5f4edf2) Importer(815301076,1909f56bfc062723c751e8b465ee728b)  -> (artifact id: 'f23f0b8ca483e4f03a52cdd293e2060e') in 0.015844 seconds 
========================================================================
Received Import Request.
  Time since last request: 0.000196 seconds.
  path: Assets/TileMaps/dirtCaveUL 1.png
  artifactKey: Guid(097b294b683fb1848bf6a4207b3c4716) Importer(815301076,1909f56bfc062723c751e8b465ee728b)
Start importing Assets/TileMaps/dirtCaveUL 1.png using Guid(097b294b683fb1848bf6a4207b3c4716) Importer(815301076,1909f56bfc062723c751e8b465ee728b)  -> (artifact id: '9bb36f5eebdec70886efaf451b594362') in 0.013135 seconds 
========================================================================
Received Import Request.
  Time since last request: 0.000468 seconds.
  path: Assets/TileMaps/dirtCaveBR 1.png
  artifactKey: Guid(dc8ee16567ec9114faa3075979581636) Importer(815301076,1909f56bfc062723c751e8b465ee728b)
Start importing Assets/TileMaps/dirtCaveBR 1.png using Guid(dc8ee16567ec9114faa3075979581636) Importer(815301076,1909f56bfc062723c751e8b465ee728b)  -> (artifact id: 'cc12b19a0def4ad5190a6b2565775d4c') in 0.011587 seconds 
========================================================================
Received Import Request.
  Time since last request: 11.077132 seconds.
  path: Assets/TileMaps/PlatformerIce.prefab
  artifactKey: Guid(3ac31a6c973d326449a53bf2b9f9841d) Importer(815301076,1909f56bfc062723c751e8b465ee728b)
Start importing Assets/TileMaps/PlatformerIce.prefab using Guid(3ac31a6c973d326449a53bf2b9f9841d) Importer(815301076,1909f56bfc062723c751e8b465ee728b)  -> (artifact id: 'c395a2027671d4ec8036064ab5abf847') in 0.043361 seconds 
